<?xml version="1.0" encoding="UTF-8"?>
<!-- Generated by org.testng.reporters.JUnitXMLReporter -->
<testsuite hostname="DESKTOP-S91T9KJ" ignored="0" name="Default test" tests="11" failures="0" timestamp="20 Jul 2018 07:28:32 GMT" time="424.86" errors="0">
  <testcase name="VerifyUserRegister" time="3.756" classname="com.orangeHRM.qa.tests.RegisterPageTest"/>
  <testcase name="VerifymultiRegistration" time="3.414" classname="com.orangeHRM.qa.tests.RegisterPageTest"/>
  <testcase name="VerifymultiRegistration" time="2.905" classname="com.orangeHRM.qa.tests.RegisterPageTest"/>
  <testcase name="VerifymultiRegistration" time="2.965" classname="com.orangeHRM.qa.tests.RegisterPageTest"/>
  <testcase name="VerifymultiRegistration" time="3.232" classname="com.orangeHRM.qa.tests.RegisterPageTest"/>
  <testcase name="VerifymultiRegistration" time="3.038" classname="com.orangeHRM.qa.tests.RegisterPageTest"/>
  <testcase name="VerifymultiRegistration" time="3.001" classname="com.orangeHRM.qa.tests.RegisterPageTest"/>
  <testcase name="VerifymultiRegistration" time="3.053" classname="com.orangeHRM.qa.tests.RegisterPageTest"/>
  <testcase name="VerifymultiRegistration" time="5.629" classname="com.orangeHRM.qa.tests.RegisterPageTest"/>
  <testcase name="VerifymultiRegistration" time="2.984" classname="com.orangeHRM.qa.tests.RegisterPageTest"/>
  <testcase name="VerifymultiRegistration" time="5.492" classname="com.orangeHRM.qa.tests.RegisterPageTest"/>
</testsuite> <!-- Default test -->
